2019-10-19 06:59:22,049  INFO [main] nopcommerce:39 - ********* Launching browser***************
2019-10-19 06:59:22,115  INFO [main] nopcommerce:45 - ********* Opening URL***************
2019-10-19 06:59:26,022  INFO [main] nopcommerce:53 - ********* Proving user info ***************
2019-10-19 06:59:36,257  INFO [main] nopcommerce:67 - *********Login Validation starts ***************
2019-10-19 06:59:36,653  INFO [main] nopcommerce:76 - *********Login successfull ***************
2019-10-19 06:59:39,675  INFO [main] nopcommerce:84 - *********Logout from application***************
2019-10-19 06:59:41,279  INFO [main] nopcommerce:67 - *********Login Validation starts ***************
2019-10-19 06:59:41,330  INFO [main] nopcommerce:76 - *********Login successfull ***************
2019-10-19 06:59:44,350  INFO [main] nopcommerce:90 - *********Closing application ***************
2019-10-19 07:12:43,399  INFO [main] nopcommerce:65 - ********* Launching browser***************
2019-10-19 07:12:43,481  INFO [main] nopcommerce:71 - ********* Opening URL***************
2019-10-19 07:13:19,074  INFO [main] nopcommerce:79 - ********* Proving user info ***************
2019-10-19 07:13:27,624  INFO [main] nopcommerce:93 - *********Login Validation starts ***************
2019-10-19 07:13:27,650  INFO [main] nopcommerce:102 - *********Login successfull ***************
2019-10-19 07:15:23,911  INFO [main] nopcommerce:65 - ********* Launching browser***************
2019-10-19 07:15:24,011  INFO [main] nopcommerce:71 - ********* Opening URL***************
2019-10-19 07:15:26,136  INFO [main] nopcommerce:79 - ********* Proving user info ***************
2019-10-19 07:15:37,895  INFO [main] nopcommerce:93 - *********Login Validation starts ***************
2019-10-19 07:15:37,943  INFO [main] nopcommerce:102 - *********Login successfull ***************
2019-10-19 07:15:42,959  INFO [main] nopcommerce:110 - *********Logout from application***************
2019-10-19 07:15:44,606  INFO [main] nopcommerce:93 - *********Login Validation starts ***************
2019-10-19 07:15:44,660  INFO [main] nopcommerce:102 - *********Login successfull ***************
2019-10-19 07:15:49,676  INFO [main] nopcommerce:116 - *********Closing application ***************
2019-10-19 07:21:12,040  INFO [main] nopcommerce:65 - ********* Launching browser***************
2019-10-19 07:21:12,119  INFO [main] nopcommerce:71 - ********* Opening URL***************
2019-10-19 07:21:15,927  INFO [main] nopcommerce:79 - ********* Proving user info ***************
2019-10-19 07:21:27,995  INFO [main] nopcommerce:126 - ********* Adding Customer Scenario started  ***************
2019-10-19 07:21:27,996  INFO [main] nopcommerce:128 - ********* Dashboard Display validation ***************
2019-10-19 07:21:37,169  INFO [main] nopcommerce:160 - ********* Providing Customer details ***************
2019-10-19 07:21:47,008  INFO [main] nopcommerce:186 - ********* Add customer validation ***************
2019-10-19 07:21:47,316  INFO [main] nopcommerce:116 - *********Closing application ***************
2019-10-19 07:21:50,582  INFO [main] nopcommerce:65 - ********* Launching browser***************
2019-10-19 07:21:50,584  INFO [main] nopcommerce:71 - ********* Opening URL***************
2019-10-19 07:21:54,212  INFO [main] nopcommerce:79 - ********* Proving user info ***************
2019-10-19 07:22:06,579  INFO [main] nopcommerce:126 - ********* Adding Customer Scenario started  ***************
2019-10-19 07:22:06,580  INFO [main] nopcommerce:128 - ********* Dashboard Display validation ***************
2019-10-19 07:22:13,297  INFO [main] nopcommerce:195 - ********* Search Customer by Email ID Scenario started ***************
2019-10-19 07:22:17,054  INFO [main] nopcommerce:209 - ********* Search customer by email validation ***************
2019-10-19 07:22:17,146  INFO [main] nopcommerce:116 - *********Closing application ***************
2019-10-19 07:22:20,327  INFO [main] nopcommerce:65 - ********* Launching browser***************
2019-10-19 07:22:20,329  INFO [main] nopcommerce:71 - ********* Opening URL***************
2019-10-19 07:22:24,590  INFO [main] nopcommerce:79 - ********* Proving user info ***************
2019-10-19 07:22:36,115  INFO [main] nopcommerce:126 - ********* Adding Customer Scenario started  ***************
2019-10-19 07:22:36,116  INFO [main] nopcommerce:128 - ********* Dashboard Display validation ***************
2019-10-19 07:22:43,047  INFO [main] nopcommerce:217 - ********* Seqarch custoemr by Name Scenario started ***************
2019-10-19 07:22:43,390  INFO [main] nopcommerce:224 - ********* Providing customer name ***************
2019-10-19 07:22:46,708  INFO [main] nopcommerce:231 - ********* Search customer by name validation ***************
2019-10-19 07:22:46,809  INFO [main] nopcommerce:116 - *********Closing application ***************
2019-10-19 07:25:26,238  INFO [main] nopcommerce:65 - ********* Launching browser***************
2019-10-19 07:25:26,326  INFO [main] nopcommerce:71 - ********* Opening URL***************
2019-10-19 07:25:29,915  INFO [main] nopcommerce:79 - ********* Proving user info ***************
2019-10-19 07:25:41,081  INFO [main] nopcommerce:126 - ********* Adding Customer Scenario started  ***************
2019-10-19 07:25:41,083  INFO [main] nopcommerce:128 - ********* Dashboard Display validation ***************
2019-10-19 07:25:49,862  INFO [main] nopcommerce:160 - ********* Providing Customer details ***************
2019-10-19 07:25:59,679  INFO [main] nopcommerce:186 - ********* Add customer validation ***************
2019-10-19 07:25:59,968  INFO [main] nopcommerce:116 - *********Closing application ***************
2019-10-19 07:29:18,905  INFO [main] nopcommerce:65 - ********* Launching browser***************
2019-10-19 07:29:19,030  INFO [main] nopcommerce:71 - ********* Opening URL***************
2019-10-19 07:29:22,837  INFO [main] nopcommerce:79 - ********* Proving user info ***************
2019-10-19 07:29:36,416  INFO [main] nopcommerce:126 - ********* Adding Customer Scenario started  ***************
2019-10-19 07:29:36,420  INFO [main] nopcommerce:128 - ********* Dashboard Display validation ***************
2019-10-19 07:29:44,762  INFO [main] nopcommerce:160 - ********* Providing Customer details ***************
2019-10-19 07:29:55,215  INFO [main] nopcommerce:186 - ********* Add customer validation ***************
2019-10-19 07:29:55,695  INFO [main] nopcommerce:116 - *********Closing application ***************
2019-10-19 07:39:27,592  INFO [main] nopcommerce:65 - ********* Launching browser***************
2019-10-19 07:39:27,674  INFO [main] nopcommerce:71 - ********* Opening URL***************
2019-10-19 07:39:31,584  INFO [main] nopcommerce:79 - ********* Proving user info ***************
2019-10-19 07:39:43,098  INFO [main] nopcommerce:126 - ********* Adding Customer Scenario started  ***************
2019-10-19 07:39:43,100  INFO [main] nopcommerce:128 - ********* Dashboard Display validation ***************
2019-10-19 07:39:51,411  INFO [main] nopcommerce:160 - ********* Providing Customer details ***************
2019-10-19 07:40:01,144  INFO [main] nopcommerce:186 - ********* Add customer validation ***************
2019-10-19 07:40:01,427  INFO [main] nopcommerce:116 - *********Closing application ***************
2019-10-19 07:53:26,474  INFO [main] nopcommerce:65 - ********* Launching browser***************
2019-10-19 07:53:26,520  INFO [main] nopcommerce:71 - ********* Opening URL***************
2019-10-19 07:54:12,836  INFO [main] nopcommerce:65 - ********* Launching browser***************
2019-10-19 07:54:13,056  INFO [main] nopcommerce:71 - ********* Opening URL***************
2019-10-19 07:54:17,060  INFO [main] nopcommerce:79 - ********* Proving user info ***************
2019-10-19 07:54:29,774  INFO [main] nopcommerce:126 - ********* Adding Customer Scenario started  ***************
2019-10-19 07:54:29,778  INFO [main] nopcommerce:128 - ********* Dashboard Display validation ***************
2019-10-19 07:54:42,666  INFO [main] nopcommerce:160 - ********* Providing Customer details ***************
2019-10-19 07:54:52,504  INFO [main] nopcommerce:186 - ********* Add customer validation ***************
2019-10-19 07:54:52,880  INFO [main] nopcommerce:116 - *********Closing application ***************
2023-08-31 13:11:16,305  INFO [main] nopcommerce:65 - ********* Launching browser***************
2023-08-31 13:11:16,377  INFO [main] nopcommerce:71 - ********* Opening URL***************
2023-08-31 13:11:18,824  INFO [main] nopcommerce:79 - ********* Proving user info ***************
2023-08-31 13:38:03,543  INFO [main] nopcommerce:65 - ********* Launching browser***************
2023-08-31 13:38:03,625  INFO [main] nopcommerce:71 - ********* Opening URL***************
2023-08-31 13:38:06,394  INFO [main] nopcommerce:79 - ********* Proving user info ***************
2023-08-31 13:38:16,217  INFO [main] nopcommerce:126 - ********* Adding Customer Scenario started  ***************
2023-08-31 13:38:16,224  INFO [main] nopcommerce:128 - ********* Dashboard Display validation ***************
2023-08-31 17:40:04,885  INFO [main] nopcommerce:65 - ********* Launching browser***************
2023-08-31 17:40:04,977  INFO [main] nopcommerce:71 - ********* Opening URL***************
2023-08-31 17:40:07,568  INFO [main] nopcommerce:79 - ********* Proving user info ***************
2023-08-31 17:40:18,310  INFO [main] nopcommerce:126 - ********* Adding Customer Scenario started  ***************
2023-08-31 17:40:18,318  INFO [main] nopcommerce:128 - ********* Dashboard Display validation ***************
2023-08-31 17:52:33,726  INFO [main] nopcommerce:65 - ********* Launching browser***************
2023-08-31 17:52:33,801  INFO [main] nopcommerce:71 - ********* Opening URL***************
2023-08-31 17:52:35,744  INFO [main] nopcommerce:79 - ********* Proving user info ***************
2023-08-31 17:52:45,562  INFO [main] nopcommerce:126 - ********* Adding Customer Scenario started  ***************
2023-08-31 17:52:45,575  INFO [main] nopcommerce:128 - ********* Dashboard Display validation ***************
2023-08-31 17:52:54,208  INFO [main] nopcommerce:160 - ********* Providing Customer details ***************
2023-08-31 17:53:05,175  INFO [main] nopcommerce:186 - ********* Add customer validation ***************
2023-08-31 17:53:05,850  INFO [main] nopcommerce:116 - *********Closing application ***************
2023-08-31 18:03:04,347  INFO [main] nopcommerce:65 - ********* Launching browser***************
2023-08-31 18:03:04,423  INFO [main] nopcommerce:71 - ********* Opening URL***************
2023-08-31 18:03:06,332  INFO [main] nopcommerce:79 - ********* Proving user info ***************
2023-08-31 18:03:14,783  INFO [main] nopcommerce:126 - ********* Adding Customer Scenario started  ***************
2023-08-31 18:03:14,792  INFO [main] nopcommerce:128 - ********* Dashboard Display validation ***************
2023-08-31 18:03:21,768  INFO [main] nopcommerce:195 - ********* Search Customer by Email ID Scenario started ***************
2023-08-31 18:03:25,245  INFO [main] nopcommerce:209 - ********* Search customer by email validation ***************
2023-08-31 18:03:25,364  INFO [main] nopcommerce:116 - *********Closing application ***************
2023-08-31 18:03:27,323  INFO [main] nopcommerce:65 - ********* Launching browser***************
2023-08-31 18:03:27,329  INFO [main] nopcommerce:71 - ********* Opening URL***************
2023-08-31 18:03:29,691  INFO [main] nopcommerce:79 - ********* Proving user info ***************
2023-08-31 18:03:40,316  INFO [main] nopcommerce:126 - ********* Adding Customer Scenario started  ***************
2023-08-31 18:03:40,317  INFO [main] nopcommerce:128 - ********* Dashboard Display validation ***************
2023-08-31 18:03:47,192  INFO [main] nopcommerce:217 - ********* Seqarch custoemr by Name Scenario started ***************
2023-08-31 18:03:47,479  INFO [main] nopcommerce:224 - ********* Providing customer name ***************
2023-08-31 18:03:50,804  INFO [main] nopcommerce:231 - ********* Search customer by name validation ***************
2023-08-31 18:03:50,983  INFO [main] nopcommerce:116 - *********Closing application ***************
2023-08-31 19:22:14,903  INFO [main] nopcommerce:65 - ********* Launching browser***************
2023-08-31 19:22:14,968  INFO [main] nopcommerce:71 - ********* Opening URL***************
2023-08-31 19:22:17,558  INFO [main] nopcommerce:79 - ********* Proving user info ***************
2023-08-31 19:22:27,275  INFO [main] nopcommerce:126 - ********* Adding Customer Scenario started  ***************
2023-08-31 19:22:27,281  INFO [main] nopcommerce:128 - ********* Dashboard Display validation ***************
2023-08-31 19:22:35,824  INFO [main] nopcommerce:160 - ********* Providing Customer details ***************
2023-08-31 19:22:46,734  INFO [main] nopcommerce:186 - ********* Add customer validation ***************
2023-08-31 19:22:47,184  INFO [main] nopcommerce:116 - *********Closing application ***************
2023-08-31 19:24:36,078  INFO [main] nopcommerce:65 - ********* Launching browser***************
2023-08-31 19:24:36,130  INFO [main] nopcommerce:71 - ********* Opening URL***************
2023-08-31 19:24:38,552  INFO [main] nopcommerce:79 - ********* Proving user info ***************
2023-08-31 19:24:48,299  INFO [main] nopcommerce:126 - ********* Adding Customer Scenario started  ***************
2023-08-31 19:24:48,312  INFO [main] nopcommerce:128 - ********* Dashboard Display validation ***************
2023-08-31 19:24:56,944  INFO [main] nopcommerce:160 - ********* Providing Customer details ***************
2023-08-31 19:25:08,119  INFO [main] nopcommerce:186 - ********* Add customer validation ***************
2023-08-31 19:25:08,783  INFO [main] nopcommerce:116 - *********Closing application ***************
2023-09-03 10:29:56,398  INFO [main] nopcommerce:65 - ********* Launching browser***************
2023-09-03 10:29:56,518  INFO [main] nopcommerce:71 - ********* Opening URL***************
2023-09-03 10:29:58,559  INFO [main] nopcommerce:79 - ********* Proving user info ***************
2023-09-03 10:30:09,552  INFO [main] nopcommerce:126 - ********* Adding Customer Scenario started  ***************
2023-09-03 10:30:09,556  INFO [main] nopcommerce:128 - ********* Dashboard Display validation ***************
2023-09-03 10:30:18,273  INFO [main] nopcommerce:160 - ********* Providing Customer details ***************
2023-09-03 10:30:29,082  INFO [main] nopcommerce:186 - ********* Add customer validation ***************
2023-09-03 10:30:29,580  INFO [main] nopcommerce:116 - *********Closing application ***************
2023-09-03 10:32:35,581  INFO [main] nopcommerce:65 - ********* Launching browser***************
2023-09-03 10:32:35,621  INFO [main] nopcommerce:71 - ********* Opening URL***************
2023-09-03 10:32:38,103  INFO [main] nopcommerce:79 - ********* Proving user info ***************
2023-09-03 10:32:48,930  INFO [main] nopcommerce:126 - ********* Adding Customer Scenario started  ***************
2023-09-03 10:32:48,940  INFO [main] nopcommerce:128 - ********* Dashboard Display validation ***************
2023-09-03 10:32:57,520  INFO [main] nopcommerce:160 - ********* Providing Customer details ***************
2023-09-03 10:33:08,257  INFO [main] nopcommerce:186 - ********* Add customer validation ***************
2023-09-03 10:33:08,669  INFO [main] nopcommerce:116 - *********Closing application ***************
2023-09-03 13:56:05,849  INFO [main] nopcommerce:65 - ********* Launching browser***************
2023-09-03 13:56:05,956  INFO [main] nopcommerce:71 - ********* Opening URL***************
2023-09-03 13:56:08,517  INFO [main] nopcommerce:79 - ********* Proving user info ***************
2023-09-03 13:56:20,108  INFO [main] nopcommerce:126 - ********* Adding Customer Scenario started  ***************
2023-09-03 13:56:20,111  INFO [main] nopcommerce:128 - ********* Dashboard Display validation ***************
2023-09-03 13:56:28,964  INFO [main] nopcommerce:160 - ********* Providing Customer details ***************
2023-09-03 13:56:39,060  INFO [main] nopcommerce:186 - ********* Add customer validation ***************
2023-09-03 13:56:39,506  INFO [main] nopcommerce:116 - *********Closing application ***************
2023-09-03 14:04:21,954  INFO [main] nopcommerce:65 - ********* Launching browser***************
2023-09-03 14:04:22,004  INFO [main] nopcommerce:71 - ********* Opening URL***************
2023-09-03 14:04:24,450  INFO [main] nopcommerce:79 - ********* Proving user info ***************
2023-09-03 14:04:35,238  INFO [main] nopcommerce:126 - ********* Adding Customer Scenario started  ***************
2023-09-03 14:04:35,244  INFO [main] nopcommerce:128 - ********* Dashboard Display validation ***************
2023-09-03 14:04:42,445  INFO [main] nopcommerce:195 - ********* Search Customer by Email ID Scenario started ***************
2023-09-03 14:04:45,852  INFO [main] nopcommerce:209 - ********* Search customer by email validation ***************
2023-09-03 14:04:45,989  INFO [main] nopcommerce:116 - *********Closing application ***************
2023-09-03 14:04:47,444  INFO [main] nopcommerce:65 - ********* Launching browser***************
2023-09-03 14:04:47,448  INFO [main] nopcommerce:71 - ********* Opening URL***************
2023-09-03 14:04:49,817  INFO [main] nopcommerce:79 - ********* Proving user info ***************
2023-09-03 14:05:01,707  INFO [main] nopcommerce:126 - ********* Adding Customer Scenario started  ***************
2023-09-03 14:05:01,708  INFO [main] nopcommerce:128 - ********* Dashboard Display validation ***************
2023-09-03 14:05:09,002  INFO [main] nopcommerce:217 - ********* Seqarch custoemr by Name Scenario started ***************
2023-09-03 14:05:09,351  INFO [main] nopcommerce:224 - ********* Providing customer name ***************
2023-09-03 14:05:12,644  INFO [main] nopcommerce:231 - ********* Search customer by name validation ***************
2023-09-03 14:05:12,786  INFO [main] nopcommerce:116 - *********Closing application ***************
2023-09-03 14:07:00,341  INFO [main] nopcommerce:65 - ********* Launching browser***************
2023-09-03 14:07:00,399  INFO [main] nopcommerce:71 - ********* Opening URL***************
2023-09-03 14:07:03,339  INFO [main] nopcommerce:79 - ********* Proving user info ***************
2023-09-03 14:07:14,737  INFO [main] nopcommerce:126 - ********* Adding Customer Scenario started  ***************
2023-09-03 14:07:14,746  INFO [main] nopcommerce:128 - ********* Dashboard Display validation ***************
2023-09-03 14:07:21,833  INFO [main] nopcommerce:195 - ********* Search Customer by Email ID Scenario started ***************
2023-09-03 14:07:25,273  INFO [main] nopcommerce:209 - ********* Search customer by email validation ***************
2023-09-03 14:07:25,574  INFO [main] nopcommerce:116 - *********Closing application ***************
2023-09-03 14:07:27,243  INFO [main] nopcommerce:65 - ********* Launching browser***************
2023-09-03 14:07:27,282  INFO [main] nopcommerce:71 - ********* Opening URL***************
2023-09-03 14:07:31,857  INFO [main] nopcommerce:79 - ********* Proving user info ***************
2023-09-03 14:07:42,109  INFO [main] nopcommerce:126 - ********* Adding Customer Scenario started  ***************
2023-09-03 14:07:42,110  INFO [main] nopcommerce:128 - ********* Dashboard Display validation ***************
2023-09-03 14:07:49,265  INFO [main] nopcommerce:217 - ********* Seqarch custoemr by Name Scenario started ***************
2023-09-03 14:07:49,555  INFO [main] nopcommerce:224 - ********* Providing customer name ***************
2023-09-03 14:07:52,861  INFO [main] nopcommerce:231 - ********* Search customer by name validation ***************
2023-09-03 14:07:52,981  INFO [main] nopcommerce:116 - *********Closing application ***************
